[debug] [2017-11-26T04:52:55.564Z] ----------------------------------------------------------------------
[debug] [2017-11-26T04:52:55.568Z] Command:       /usr/bin/node /usr/bin/firebase deploy --only functions
[debug] [2017-11-26T04:52:55.568Z] CLI Version:   3.15.3
[debug] [2017-11-26T04:52:55.568Z] Platform:      linux
[debug] [2017-11-26T04:52:55.568Z] Node Version:  v8.9.1
[debug] [2017-11-26T04:52:55.568Z] Time:          Sat Nov 25 2017 20:52:55 GMT-0800 (STD)
[debug] [2017-11-26T04:52:55.568Z] ----------------------------------------------------------------------
[debug] 
[debug] [2017-11-26T04:52:55.583Z] > command requires scopes: ["email","openid","https://www.googleapis.com/auth/cloudplatformprojects.readonly","https://www.googleapis.com/auth/firebase","https://www.googleapis.com/auth/cloud-platform"]
[debug] [2017-11-26T04:52:55.583Z] > authorizing via signed-in user
[debug] [2017-11-26T04:52:55.586Z] > refreshing access token with scopes: ["email","https://www.googleapis.com/auth/cloud-platform","https://www.googleapis.com/auth/cloudplatformprojects.readonly","https://www.googleapis.com/auth/firebase","openid"]
[debug] [2017-11-26T04:52:55.586Z] >>> HTTP REQUEST POST https://www.googleapis.com/oauth2/v3/token { refresh_token: '1/-CdUHsTDl0IpAHHSmuO32zPDhyf0_46JNKEAJ2GI2Bo',
  client_id: '563584335869-fgrhgmd47bqnekij5i8b5pr03ho849e6.apps.googleusercontent.com',
  client_secret: 'j9iVZfS8kkCEFUPaAeJV0sAi',
  grant_type: 'refresh_token',
  scope: 'email https://www.googleapis.com/auth/cloud-platform https://www.googleapis.com/auth/cloudplatformprojects.readonly https://www.googleapis.com/auth/firebase openid' } 
 Sat Nov 25 2017 20:52:55 GMT-0800 (STD)
[debug] [2017-11-26T04:52:55.787Z] <<< HTTP RESPONSE 200
[debug] [2017-11-26T04:52:55.800Z] >>> HTTP REQUEST GET https://admin.firebase.com/v1/projects/testproject-52cfa  
 Sat Nov 25 2017 20:52:55 GMT-0800 (STD)
[debug] [2017-11-26T04:52:56.512Z] <<< HTTP RESPONSE 200
[debug] [2017-11-26T04:52:56.514Z] >>> HTTP REQUEST GET https://admin.firebase.com/v1/database/testproject-52cfa/tokens  
 Sat Nov 25 2017 20:52:56 GMT-0800 (STD)
[debug] [2017-11-26T04:52:57.042Z] <<< HTTP RESPONSE 200
