[debug] [2017-08-06T05:22:37.112Z] ----------------------------------------------------------------------
[debug] [2017-08-06T05:22:37.115Z] Command:       /usr/bin/node /usr/sbin/firebase deploy
[debug] [2017-08-06T05:22:37.115Z] CLI Version:   3.9.2
[debug] [2017-08-06T05:22:37.115Z] Platform:      linux
[debug] [2017-08-06T05:22:37.115Z] Node Version:  v8.2.1
[debug] [2017-08-06T05:22:37.115Z] Time:          Sun Aug 06 2017 05:22:37 GMT+0000 (UTC)
[debug] [2017-08-06T05:22:37.115Z] ----------------------------------------------------------------------
[debug] 
[error] 
[error] Error: Not in a Firebase app directory (could not locate firebase.json)
[debug] [2017-08-06T05:23:50.222Z] ----------------------------------------------------------------------
[debug] [2017-08-06T05:23:50.224Z] Command:       /usr/bin/node /usr/sbin/firebase init
[debug] [2017-08-06T05:23:50.225Z] CLI Version:   3.9.2
[debug] [2017-08-06T05:23:50.225Z] Platform:      linux
[debug] [2017-08-06T05:23:50.225Z] Node Version:  v8.2.1
[debug] [2017-08-06T05:23:50.225Z] Time:          Sun Aug 06 2017 05:23:50 GMT+0000 (UTC)
[debug] [2017-08-06T05:23:50.225Z] ----------------------------------------------------------------------
[debug] 
[debug] [2017-08-06T05:23:50.236Z] > command requires scopes: ["email","openid","https://www.googleapis.com/auth/cloudplatformprojects.readonly","https://www.googleapis.com/auth/firebase"]
[debug] [2017-08-06T05:23:50.237Z] > authorizing via signed-in user
[info] 
     ######## #### ########  ######## ########     ###     ######  ########
     ##        ##  ##     ## ##       ##     ##  ##   ##  ##       ##
     ######    ##  ########  ######   ########  #########  ######  ######
     ##        ##  ##    ##  ##       ##     ## ##     ##       ## ##
     ##       #### ##     ## ######## ########  ##     ##  ######  ########

You're about to initialize a Firebase project in this directory:

  /mnt/c/Users/haoxi/Documents/coding/js/new_profile

Before we get started, keep in mind:

  * You are currently outside your home directory

